[Tue 27 Jan 2026 19:58:41 GMT] Build succeeded
[Tue 27 Jan 2026 20:00:32 GMT] Build succeeded
[Tue 27 Jan 2026 20:07:15 GMT] Build succeeded
[Tue 27 Jan 2026 20:07:16 GMT] Build succeeded
[Tue 27 Jan 2026 20:07:17 GMT] Build succeeded
[Tue 27 Jan 2026 20:08:09 GMT] Build succeeded
[Tue 27 Jan 2026 20:08:10 GMT] Build succeeded
[Tue 27 Jan 2026 20:10:12 GMT] Build succeeded
[Tue 27 Jan 2026 20:10:49 GMT] Build succeeded
[Tue 27 Jan 2026 20:11:28 GMT] Build succeeded
[Tue 27 Jan 2026 20:12:01 GMT] Build failed, aux files cleaned
[Tue 27 Jan 2026 20:12:08 GMT] Build failed, aux files cleaned
[Tue 27 Jan 2026 20:12:32 GMT] Build succeeded
[Tue 27 Jan 2026 20:14:08 GMT] Build succeeded
[Tue 27 Jan 2026 20:14:09 GMT] Build succeeded
[Tue 27 Jan 2026 20:14:11 GMT] Build succeeded
[Tue 27 Jan 2026 20:14:31 GMT] Build succeeded
[Tue 27 Jan 2026 20:14:50 GMT] Build failed, aux files cleaned
[Tue 27 Jan 2026 20:15:07 GMT] Build succeeded
[Tue 27 Jan 2026 20:15:08 GMT] Build succeeded
[Tue 27 Jan 2026 20:15:09 GMT] Build succeeded
[Tue 27 Jan 2026 20:16:03 GMT] Build succeeded
[Tue 27 Jan 2026 20:16:04 GMT] Build succeeded
[Tue 27 Jan 2026 20:17:10 GMT] Build succeeded
[Tue 27 Jan 2026 20:17:44 GMT] Build failed, aux files cleaned
[Tue 27 Jan 2026 20:17:50 GMT] Build failed, aux files cleaned
[Tue 27 Jan 2026 20:18:18 GMT] Build succeeded
[Tue 27 Jan 2026 20:19:37 GMT] Build succeeded
[Tue 27 Jan 2026 20:20:19 GMT] Build succeeded
[Tue 27 Jan 2026 20:20:54 GMT] Build succeeded
[Tue 27 Jan 2026 20:20:55 GMT] Build succeeded
[Tue 27 Jan 2026 20:20:56 GMT] Build succeeded
[Tue 27 Jan 2026 20:21:21 GMT] Build succeeded
[Tue 27 Jan 2026 20:21:22 GMT] Build succeeded
[Tue 27 Jan 2026 20:23:05 GMT] Build succeeded
[Tue 27 Jan 2026 20:23:28 GMT] Build succeeded
[Tue 27 Jan 2026 20:23:39 GMT] Build succeeded
[Tue 27 Jan 2026 20:23:41 GMT] Build succeeded
[Tue 27 Jan 2026 20:23:42 GMT] Build succeeded
[Tue 27 Jan 2026 20:23:58 GMT] Build succeeded
[Tue 27 Jan 2026 20:24:26 GMT] Build succeeded
[Tue 27 Jan 2026 20:25:15 GMT] Build succeeded
[Tue 27 Jan 2026 20:26:06 GMT] Build succeeded
[Tue 27 Jan 2026 20:26:27 GMT] Build succeeded
[Tue 27 Jan 2026 20:27:43 GMT] Build succeeded
[Tue 27 Jan 2026 20:28:29 GMT] Build succeeded
[Tue 27 Jan 2026 20:29:19 GMT] Build succeeded
[Tue 27 Jan 2026 20:29:30 GMT] Build succeeded
[Tue 27 Jan 2026 20:29:57 GMT] Build succeeded
[Tue 27 Jan 2026 20:30:21 GMT] Build succeeded
[Tue 27 Jan 2026 20:31:21 GMT] Build succeeded
[Tue 27 Jan 2026 20:31:51 GMT] Build succeeded
[Tue 27 Jan 2026 20:32:05 GMT] Build succeeded
[Tue 27 Jan 2026 20:32:28 GMT] Build succeeded
[Tue 27 Jan 2026 20:33:55 GMT] Build succeeded
[Tue 27 Jan 2026 20:34:05 GMT] Build succeeded
[Tue 27 Jan 2026 20:35:08 GMT] Build succeeded
[Tue 27 Jan 2026 20:35:40 GMT] Build succeeded
[Tue 27 Jan 2026 20:36:17 GMT] Build succeeded
[Tue 27 Jan 2026 20:36:30 GMT] Build failed, aux files cleaned
[Tue 27 Jan 2026 20:36:42 GMT] Build failed, aux files cleaned
[Tue 27 Jan 2026 20:37:04 GMT] Build succeeded
[Tue 27 Jan 2026 20:37:49 GMT] Build succeeded
[Tue 27 Jan 2026 20:38:48 GMT] Build succeeded
[Tue 27 Jan 2026 20:38:55 GMT] Build succeeded
[Tue 27 Jan 2026 20:40:18 GMT] Build succeeded
[Wed 28 Jan 2026 11:11:54 GMT] Build succeeded
[Wed 28 Jan 2026 11:11:55 GMT] Build succeeded
[Wed 28 Jan 2026 11:29:50 GMT] Build succeeded
<<<<<<< HEAD
[Wed 28 Jan 2026 11:42:28 GMT] Build succeeded
[Wed 28 Jan 2026 12:00:57 GMT] Build succeeded
=======
[Wed 28 Jan 2026 12:47:58 GMT] Build succeeded
>>>>>>> origin/main
[Tue 10 Feb 2026 16:51:09 GMT] Build succeeded
[Tue 10 Feb 2026 16:53:19 GMT] Build succeeded
[Tue 10 Feb 2026 16:53:19 GMT] Build succeeded
[Tue 10 Feb 2026 17:20:47 GMT] Build succeeded
[Tue 10 Feb 2026 17:20:50 GMT] Build succeeded
[Tue 10 Feb 2026 17:21:10 GMT] Build succeeded
[Tue 10 Feb 2026 17:21:20 GMT] Build failed, aux files cleaned
[Tue 10 Feb 2026 17:21:21 GMT] Build failed, aux files cleaned
[Tue 10 Feb 2026 17:21:30 GMT] Build succeeded
[Tue 10 Feb 2026 17:21:46 GMT] Build failed, aux files cleaned
[Tue 10 Feb 2026 17:21:47 GMT] Build failed, aux files cleaned
[Tue 10 Feb 2026 17:22:08 GMT] Build succeeded
[Tue 10 Feb 2026 17:22:21 GMT] Build succeeded
[Tue 10 Feb 2026 17:22:43 GMT] Build succeeded
[Tue 10 Feb 2026 17:23:10 GMT] Build succeeded
[Tue 10 Feb 2026 17:25:32 GMT] Build succeeded
[Tue 10 Feb 2026 17:25:52 GMT] Build succeeded
[Tue 10 Feb 2026 17:26:48 GMT] Build succeeded
[Tue 10 Feb 2026 17:27:11 GMT] Build succeeded
[Tue 10 Feb 2026 17:29:29 GMT] Build succeeded
[Tue 10 Feb 2026 17:33:21 GMT] Build failed, aux files cleaned
[Tue 10 Feb 2026 17:33:22 GMT] Build failed, aux files cleaned
[Tue 10 Feb 2026 17:33:29 GMT] Build failed, aux files cleaned
[Tue 10 Feb 2026 17:33:30 GMT] Build failed, aux files cleaned
[Tue 10 Feb 2026 17:33:36 GMT] Build succeeded
[Tue 10 Feb 2026 17:34:09 GMT] Build succeeded
[Tue 10 Feb 2026 17:34:36 GMT] Build succeeded
[Tue 10 Feb 2026 17:35:49 GMT] Build succeeded
[Tue 10 Feb 2026 17:37:08 GMT] Build succeeded
[Tue 10 Feb 2026 17:37:57 GMT] Build failed, aux files cleaned
[Tue 10 Feb 2026 17:37:58 GMT] Build failed, aux files cleaned
[Tue 10 Feb 2026 17:38:29 GMT] Build failed, aux files cleaned
[Tue 10 Feb 2026 17:38:30 GMT] Build failed, aux files cleaned
[Tue 10 Feb 2026 17:38:39 GMT] Build succeeded
[Tue 10 Feb 2026 17:39:42 GMT] Build failed, aux files cleaned
[Tue 10 Feb 2026 17:39:44 GMT] Build failed, aux files cleaned
[Tue 10 Feb 2026 17:39:49 GMT] Build succeeded
[Tue 10 Feb 2026 17:42:45 GMT] Build succeeded
[Tue 10 Feb 2026 17:43:24 GMT] Build failed, aux files cleaned
[Tue 10 Feb 2026 17:43:25 GMT] Build failed, aux files cleaned
[Tue 10 Feb 2026 17:43:32 GMT] Build failed, aux files cleaned
[Tue 10 Feb 2026 17:43:33 GMT] Build failed, aux files cleaned
[Tue 10 Feb 2026 17:43:41 GMT] Build succeeded
[Tue 10 Feb 2026 17:43:55 GMT] Build succeeded
[Tue 10 Feb 2026 17:44:06 GMT] Build succeeded
[Tue 10 Feb 2026 17:44:14 GMT] Build succeeded
[Tue 10 Feb 2026 17:44:25 GMT] Build succeeded
[Tue 10 Feb 2026 17:44:33 GMT] Build succeeded
[Tue 10 Feb 2026 17:46:32 GMT] Build succeeded
[Tue 10 Feb 2026 17:46:50 GMT] Build succeeded
[Tue 10 Feb 2026 17:46:58 GMT] Build succeeded
[Tue 10 Feb 2026 17:47:35 GMT] Build succeeded
[Tue 10 Feb 2026 17:47:55 GMT] Build succeeded
[Tue 10 Feb 2026 17:48:03 GMT] Build succeeded
[Tue 10 Feb 2026 17:48:12 GMT] Build succeeded
[Tue 10 Feb 2026 17:48:40 GMT] Build succeeded
[Tue 10 Feb 2026 17:48:52 GMT] Build succeeded
[Tue 10 Feb 2026 17:49:06 GMT] Build succeeded
[Tue 10 Feb 2026 17:49:13 GMT] Build succeeded
[Tue 10 Feb 2026 17:49:22 GMT] Build succeeded
[Tue 10 Feb 2026 17:49:39 GMT] Build succeeded
[Tue 10 Feb 2026 17:49:48 GMT] Build succeeded
[Tue 10 Feb 2026 17:49:58 GMT] Build failed, aux files cleaned
[Tue 10 Feb 2026 17:49:59 GMT] Build failed, aux files cleaned
[Tue 10 Feb 2026 17:50:05 GMT] Build succeeded
[Tue 10 Feb 2026 17:51:08 GMT] Build succeeded
[Tue 10 Feb 2026 17:53:14 GMT] Build succeeded
[Tue 10 Feb 2026 17:56:03 GMT] Build succeeded
[Tue 10 Feb 2026 17:59:13 GMT] Build succeeded
[Tue 10 Feb 2026 17:59:27 GMT] Build succeeded
[Tue 10 Feb 2026 17:59:58 GMT] Build succeeded
[Tue 10 Feb 2026 18:02:31 GMT] Build succeeded
[Tue 10 Feb 2026 18:03:05 GMT] Build succeeded
[Tue 10 Feb 2026 18:07:50 GMT] Build succeeded
[Tue 10 Feb 2026 18:07:58 GMT] Build succeeded
[Tue 10 Feb 2026 18:08:14 GMT] Build succeeded
[Tue 10 Feb 2026 18:08:17 GMT] Build succeeded
[Tue 10 Feb 2026 18:08:25 GMT] Build succeeded
[Tue 10 Feb 2026 18:08:35 GMT] Build succeeded
[Tue 10 Feb 2026 18:08:46 GMT] Build succeeded
[Tue 10 Feb 2026 18:10:13 GMT] Build succeeded
[Tue 10 Feb 2026 18:10:35 GMT] Build succeeded
[Tue 10 Feb 2026 18:10:46 GMT] Build succeeded
[Tue 10 Feb 2026 18:12:24 GMT] Build succeeded
[Tue 10 Feb 2026 18:14:14 GMT] Build succeeded
[Tue 10 Feb 2026 18:14:32 GMT] Build succeeded
[Tue 10 Feb 2026 18:17:35 GMT] Build succeeded
[Tue 10 Feb 2026 18:19:09 GMT] Build succeeded
[Tue 10 Feb 2026 18:20:04 GMT] Build succeeded
[Tue 10 Feb 2026 18:23:05 GMT] Build succeeded
[Tue 10 Feb 2026 18:23:32 GMT] Build succeeded
[Tue 10 Feb 2026 18:23:49 GMT] Build succeeded
[Tue 10 Feb 2026 18:31:36 GMT] Build succeeded
[Tue 10 Feb 2026 18:31:54 GMT] Build succeeded
[Tue 10 Feb 2026 18:32:12 GMT] Build succeeded
[Tue 10 Feb 2026 18:37:28 GMT] Build succeeded
[Tue 10 Feb 2026 18:38:03 GMT] Build succeeded
[Tue 10 Feb 2026 18:39:26 GMT] Build succeeded
[Tue 10 Feb 2026 18:42:45 GMT] Build succeeded
[Tue 10 Feb 2026 18:43:13 GMT] Build succeeded
[Tue 10 Feb 2026 18:43:50 GMT] Build succeeded
[Tue 10 Feb 2026 18:44:04 GMT] Build succeeded
[Tue 10 Feb 2026 18:45:00 GMT] Build succeeded
[Tue 10 Feb 2026 18:45:12 GMT] Build succeeded
[Tue 10 Feb 2026 18:45:20 GMT] Build succeeded
[Tue 10 Feb 2026 18:45:31 GMT] Build succeeded
[Tue 10 Feb 2026 18:47:40 GMT] Build failed, aux files cleaned
[Tue 10 Feb 2026 18:47:42 GMT] Build failed, aux files cleaned
[Tue 10 Feb 2026 18:48:13 GMT] Build failed, aux files cleaned
[Tue 10 Feb 2026 18:48:15 GMT] Build failed, aux files cleaned
[Tue 10 Feb 2026 18:48:19 GMT] Build failed, aux files cleaned
[Tue 10 Feb 2026 18:48:21 GMT] Build failed, aux files cleaned
[Tue 10 Feb 2026 18:49:00 GMT] Build failed, aux files cleaned
[Tue 10 Feb 2026 18:49:02 GMT] Build failed, aux files cleaned
[Tue 10 Feb 2026 18:49:20 GMT] Build failed, aux files cleaned
[Tue 10 Feb 2026 18:49:22 GMT] Build failed, aux files cleaned
[Tue 10 Feb 2026 18:49:31 GMT] Build failed, aux files cleaned
[Tue 10 Feb 2026 18:49:33 GMT] Build failed, aux files cleaned
[Tue 10 Feb 2026 18:49:39 GMT] Build failed, aux files cleaned
[Tue 10 Feb 2026 18:49:42 GMT] Build failed, aux files cleaned
[Tue 10 Feb 2026 18:50:20 GMT] Build failed, aux files cleaned
[Tue 10 Feb 2026 18:50:22 GMT] Build failed, aux files cleaned
[Tue 10 Feb 2026 18:50:54 GMT] Build failed, aux files cleaned
[Tue 10 Feb 2026 18:50:57 GMT] Build failed, aux files cleaned
[Tue 10 Feb 2026 18:51:18 GMT] Build failed, aux files cleaned
[Tue 10 Feb 2026 18:51:20 GMT] Build failed, aux files cleaned
[Tue 10 Feb 2026 18:51:38 GMT] Build succeeded
[Tue 10 Feb 2026 18:52:19 GMT] Build succeeded
[Tue 10 Feb 2026 18:53:15 GMT] Build succeeded
[Tue 10 Feb 2026 18:54:11 GMT] Build succeeded
[Tue 10 Feb 2026 18:54:20 GMT] Build succeeded
[Tue 10 Feb 2026 18:54:34 GMT] Build succeeded
[Tue 10 Feb 2026 18:54:42 GMT] Build succeeded
[Tue 10 Feb 2026 18:55:13 GMT] Build succeeded
[Tue 10 Feb 2026 18:56:01 GMT] Build failed, aux files cleaned
[Tue 10 Feb 2026 18:56:03 GMT] Build failed, aux files cleaned
[Tue 10 Feb 2026 18:56:17 GMT] Build succeeded
[Tue 10 Feb 2026 18:57:23 GMT] Build succeeded
[Tue 10 Feb 2026 18:57:59 GMT] Build succeeded
[Tue 10 Feb 2026 18:58:42 GMT] Build succeeded
[Tue 10 Feb 2026 19:00:56 GMT] Build succeeded
[Tue 10 Feb 2026 19:01:17 GMT] Build succeeded
[Tue 10 Feb 2026 19:01:51 GMT] Build succeeded
[Tue 10 Feb 2026 19:02:42 GMT] Build succeeded
[Tue 10 Feb 2026 19:04:38 GMT] Build succeeded
[Tue 10 Feb 2026 19:04:38 GMT] Build succeeded
[Tue 10 Feb 2026 19:06:04 GMT] Build succeeded
[Tue 10 Feb 2026 19:06:36 GMT] Build succeeded
[Tue 10 Feb 2026 19:07:23 GMT] Build succeeded
[Tue 10 Feb 2026 19:11:07 GMT] Build succeeded
[Tue 10 Feb 2026 19:11:14 GMT] Build succeeded
[Tue 10 Feb 2026 19:11:38 GMT] Build succeeded
[Tue 10 Feb 2026 19:11:51 GMT] Build succeeded
[Tue 10 Feb 2026 19:12:08 GMT] Build succeeded
[Tue 10 Feb 2026 19:12:16 GMT] Build succeeded
[Tue 10 Feb 2026 19:12:17 GMT] Build succeeded
[Tue 10 Feb 2026 19:13:13 GMT] Build succeeded
[Tue 10 Feb 2026 19:14:02 GMT] Build succeeded
[Tue 10 Feb 2026 19:14:14 GMT] Build succeeded
[Tue 10 Feb 2026 19:14:51 GMT] Build succeeded
[Tue 10 Feb 2026 19:14:59 GMT] Build succeeded
[Tue 10 Feb 2026 19:15:08 GMT] Build succeeded
[Tue 10 Feb 2026 19:17:01 GMT] Build succeeded
[Tue 10 Feb 2026 19:17:33 GMT] Build succeeded
[Tue 10 Feb 2026 19:17:48 GMT] Build succeeded
[Tue 10 Feb 2026 19:18:35 GMT] Build succeeded
[Tue 10 Feb 2026 19:18:35 GMT] Build succeeded
[Tue 10 Feb 2026 19:18:46 GMT] Build succeeded
[Tue 10 Feb 2026 19:20:12 GMT] Build succeeded
[Tue 10 Feb 2026 19:20:25 GMT] Build succeeded
[Tue 10 Feb 2026 19:20:38 GMT] Build succeeded
[Tue 10 Feb 2026 19:24:43 GMT] Build succeeded
[Tue 10 Feb 2026 19:25:10 GMT] Build succeeded
[Tue 10 Feb 2026 19:25:10 GMT] Build succeeded
[Tue 10 Feb 2026 19:28:35 GMT] Build succeeded
[Tue 10 Feb 2026 19:32:21 GMT] Build succeeded
[Tue 10 Feb 2026 19:32:21 GMT] Build succeeded
[Tue 10 Feb 2026 19:34:16 GMT] Build succeeded
[Tue 10 Feb 2026 19:37:55 GMT] Build succeeded
[Tue 10 Feb 2026 19:38:08 GMT] Build failed, aux files cleaned
[Tue 10 Feb 2026 19:38:10 GMT] Build failed, aux files cleaned
[Tue 10 Feb 2026 19:38:52 GMT] Build succeeded
[Tue 10 Feb 2026 19:39:16 GMT] Build succeeded
[Tue 10 Feb 2026 19:41:02 GMT] Build succeeded
[Tue 10 Feb 2026 19:41:49 GMT] Build succeeded
[Tue 10 Feb 2026 19:43:06 GMT] Build succeeded
[Tue 10 Feb 2026 19:43:19 GMT] Build succeeded
[Tue 10 Feb 2026 19:43:31 GMT] Build succeeded
[Tue 10 Feb 2026 19:44:13 GMT] Build succeeded
[Tue 10 Feb 2026 19:44:43 GMT] Build succeeded
[Tue 10 Feb 2026 19:47:38 GMT] Build succeeded
[Tue 10 Feb 2026 19:47:48 GMT] Build succeeded
[Tue 10 Feb 2026 19:48:22 GMT] Build succeeded
[Tue 10 Feb 2026 19:48:34 GMT] Build succeeded
[Tue 10 Feb 2026 19:49:39 GMT] Build succeeded
[Tue 10 Feb 2026 19:49:41 GMT] Build succeeded
[Tue 10 Feb 2026 19:53:13 GMT] Build succeeded
[Tue 10 Feb 2026 20:04:46 GMT] Build succeeded
[Tue 10 Feb 2026 20:05:22 GMT] Build succeeded
[Tue 10 Feb 2026 20:05:58 GMT] Build succeeded
[Tue 10 Feb 2026 20:06:23 GMT] Build succeeded
[Tue 10 Feb 2026 20:07:07 GMT] Build succeeded
[Tue 10 Feb 2026 20:07:35 GMT] Build succeeded
[Tue 10 Feb 2026 20:08:03 GMT] Build succeeded
[Tue 10 Feb 2026 20:09:57 GMT] Build failed, aux files cleaned
[Tue 10 Feb 2026 20:10:09 GMT] Build failed, aux files cleaned
[Tue 10 Feb 2026 20:11:16 GMT] Build succeeded
[Tue 10 Feb 2026 20:12:30 GMT] Build succeeded
[Tue 10 Feb 2026 20:13:28 GMT] Build succeeded
[Tue 10 Feb 2026 20:14:52 GMT] Build failed, aux files cleaned
[Tue 10 Feb 2026 20:14:58 GMT] Build failed, aux files cleaned
[Tue 10 Feb 2026 20:16:17 GMT] Build failed, aux files cleaned
[Tue 10 Feb 2026 20:16:22 GMT] Build failed, aux files cleaned
[Tue 10 Feb 2026 20:17:42 GMT] Build succeeded
[Tue 10 Feb 2026 20:18:22 GMT] Build succeeded
[Tue 10 Feb 2026 20:18:42 GMT] Build succeeded
[Tue 10 Feb 2026 20:19:07 GMT] Build succeeded
[Tue 10 Feb 2026 20:19:31 GMT] Build succeeded
[Tue 10 Feb 2026 20:19:51 GMT] Build succeeded
[Tue 10 Feb 2026 20:20:47 GMT] Build succeeded
[Tue 10 Feb 2026 20:21:37 GMT] Build succeeded
[Tue 10 Feb 2026 20:22:05 GMT] Build succeeded
[Tue 10 Feb 2026 20:22:31 GMT] Build succeeded
[Tue 10 Feb 2026 20:23:48 GMT] Build succeeded
[Tue 10 Feb 2026 20:24:18 GMT] Build succeeded
[Tue 10 Feb 2026 20:24:54 GMT] Build succeeded
[Tue 10 Feb 2026 20:24:55 GMT] Build succeeded
[Tue 10 Feb 2026 20:25:32 GMT] Build succeeded
[Tue 10 Feb 2026 20:26:17 GMT] Build succeeded
[Tue 10 Feb 2026 20:26:43 GMT] Build succeeded
[Tue 10 Feb 2026 20:27:37 GMT] Build succeeded
[Tue 10 Feb 2026 20:29:00 GMT] Build succeeded
[Tue 10 Feb 2026 20:30:22 GMT] Build succeeded
[Tue 10 Feb 2026 20:31:21 GMT] Build succeeded
[Tue 10 Feb 2026 20:33:00 GMT] Build succeeded
[Tue 10 Feb 2026 20:34:16 GMT] Build succeeded
[Tue 10 Feb 2026 20:35:04 GMT] Build failed, aux files cleaned
[Tue 10 Feb 2026 20:35:17 GMT] Build failed, aux files cleaned
[Tue 10 Feb 2026 20:36:05 GMT] Build succeeded
[Tue 10 Feb 2026 20:36:54 GMT] Build succeeded
[Tue 10 Feb 2026 20:37:25 GMT] Build succeeded
[Tue 10 Feb 2026 20:39:42 GMT] Build succeeded
[Tue 10 Feb 2026 20:40:17 GMT] Build succeeded
[Tue 10 Feb 2026 20:52:47 GMT] Build succeeded
[Tue 10 Feb 2026 21:01:05 GMT] Build succeeded
[Tue 10 Feb 2026 21:01:54 GMT] Build succeeded
[Tue 10 Feb 2026 21:03:55 GMT] Build succeeded
[Tue 10 Feb 2026 21:04:52 GMT] Build succeeded
[Tue 10 Feb 2026 21:05:26 GMT] Build succeeded
[Tue 10 Feb 2026 21:05:27 GMT] Build succeeded
[Tue 10 Feb 2026 21:05:50 GMT] Build succeeded
[Tue 10 Feb 2026 21:12:06 GMT] Build succeeded
[Tue 10 Feb 2026 21:15:17 GMT] Build succeeded
[Tue 10 Feb 2026 21:15:51 GMT] Build succeeded
[Tue 10 Feb 2026 21:16:29 GMT] Build succeeded
[Tue 10 Feb 2026 21:17:07 GMT] Build succeeded
[Tue 10 Feb 2026 21:18:03 GMT] Build succeeded
[Tue 10 Feb 2026 21:19:31 GMT] Build succeeded
[Tue 10 Feb 2026 21:19:59 GMT] Build succeeded
[Tue 10 Feb 2026 21:23:59 GMT] Build succeeded
[Tue 10 Feb 2026 21:24:33 GMT] Build succeeded
[Tue 10 Feb 2026 21:24:59 GMT] Build succeeded
[Tue 10 Feb 2026 21:25:23 GMT] Build succeeded
[Tue 10 Feb 2026 21:25:53 GMT] Build succeeded
[Tue 10 Feb 2026 21:28:00 GMT] Build succeeded
[Tue 10 Feb 2026 21:28:29 GMT] Build succeeded
[Tue 10 Feb 2026 21:30:31 GMT] Build succeeded
[Tue 10 Feb 2026 21:32:14 GMT] Build succeeded
[Tue 10 Feb 2026 21:37:00 GMT] Build succeeded
[Tue 10 Feb 2026 21:38:08 GMT] Build succeeded
[Tue 10 Feb 2026 21:39:10 GMT] Build succeeded
[Tue 10 Feb 2026 21:40:19 GMT] Build succeeded
[Tue 10 Feb 2026 21:40:54 GMT] Build succeeded
[Tue 10 Feb 2026 21:41:17 GMT] Build succeeded
[Tue 10 Feb 2026 21:41:56 GMT] Build succeeded
[Tue 10 Feb 2026 21:42:31 GMT] Build succeeded
[Tue 10 Feb 2026 21:58:25 GMT] Build succeeded
[Tue 10 Feb 2026 21:59:39 GMT] Build succeeded
[Tue 10 Feb 2026 22:00:07 GMT] Build succeeded
[Tue 10 Feb 2026 22:00:37 GMT] Build succeeded
[Tue 10 Feb 2026 22:02:01 GMT] Build succeeded
[Tue 10 Feb 2026 22:02:44 GMT] Build succeeded
[Tue 10 Feb 2026 22:07:23 GMT] Build succeeded
[Tue 10 Feb 2026 22:08:12 GMT] Build succeeded
[Tue 10 Feb 2026 22:09:56 GMT] Build succeeded
[Tue 10 Feb 2026 22:10:33 GMT] Build succeeded
[Tue 10 Feb 2026 22:11:55 GMT] Build succeeded
[Tue 10 Feb 2026 22:12:34 GMT] Build succeeded
[Tue 10 Feb 2026 22:29:13 GMT] Build succeeded
[Tue 10 Feb 2026 22:30:26 GMT] Build succeeded
[Tue 10 Feb 2026 22:33:05 GMT] Build succeeded
[Tue 10 Feb 2026 22:39:20 GMT] Build failed, aux files cleaned
[Tue 10 Feb 2026 22:39:32 GMT] Build failed, aux files cleaned
[Tue 10 Feb 2026 22:40:12 GMT] Build succeeded
[Tue 10 Feb 2026 22:45:02 GMT] Build succeeded
[Tue 10 Feb 2026 22:46:04 GMT] Build succeeded
[Tue 10 Feb 2026 22:50:04 GMT] Build succeeded
[Tue 10 Feb 2026 22:53:51 GMT] Build succeeded
[Tue 10 Feb 2026 22:54:32 GMT] Build succeeded
[Tue 10 Feb 2026 23:03:13 GMT] Build succeeded
[Tue 10 Feb 2026 23:03:14 GMT] Build succeeded
[Tue 10 Feb 2026 23:04:58 GMT] Build succeeded
[Tue 10 Feb 2026 23:07:33 GMT] Build succeeded
[Tue 10 Feb 2026 23:08:03 GMT] Build succeeded
[Tue 10 Feb 2026 23:08:23 GMT] Build succeeded
[Tue 10 Feb 2026 23:09:24 GMT] Build succeeded
[Tue 10 Feb 2026 23:10:07 GMT] Build succeeded
[Tue 10 Feb 2026 23:11:41 GMT] Build succeeded
[Tue 10 Feb 2026 23:12:22 GMT] Build succeeded
[Tue 10 Feb 2026 23:16:12 GMT] Build succeeded
[Tue 10 Feb 2026 23:24:07 GMT] Build succeeded
[Tue 10 Feb 2026 23:26:14 GMT] Build succeeded
[Tue 10 Feb 2026 23:27:10 GMT] Build succeeded
[Tue 10 Feb 2026 23:39:16 GMT] Build succeeded
